npm warn config ignoring workspace config at /workspace/beta-bitebase-app/apps/frontend/.npmrc

> bitebase-frontend@0.1.0 dev
> next dev

   ▲ Next.js 14.0.4
   - Local:        http://localhost:3000
   - Environments: .env.local

Attention: Next.js now collects completely anonymous telemetry regarding usage.
This information is used to shape Next.js' roadmap and prioritize features.
You can learn more, including how to opt-out if you'd not like to participate in this anonymous program, by visiting the following URL:
https://nextjs.org/telemetry

 ✓ Ready in 2.5s
 ○ Compiling / ...
 ✓ Compiled / in 7.1s (1085 modules)
 ✓ Compiled in 978ms (552 modules)
 ○ Compiling /not-found ...
 ✓ Compiled /not-found in 857ms (1076 modules)
 ✓ Compiled /demo-login in 330ms (1090 modules)
 ○ Compiling /dashboard ...
 ✓ Compiled /dashboard in 921ms (1152 modules)
 ○ Compiling /market-analysis ...
 ✓ Compiled /market-analysis in 1890ms (1178 modules)
 ○ Compiling /place ...
 ✓ Compiled /place in 657ms (1190 modules)
 ○ Compiling /product ...
 ✓ Compiled /product in 538ms (1196 modules)
